2024-09-10 11:39:52,289 2018 009
2024-09-10 11:42:05,865 2018 017
2024-09-10 11:44:20,867 2018 025
2024-09-10 11:46:56,412 2018 033
2024-09-10 11:49:42,649 2018 041
2024-09-10 11:52:09,836 2018 049
2024-09-10 11:54:25,422 2018 057
2024-09-10 11:56:48,686 2018 065
2024-09-10 11:59:28,412 2018 073
2024-09-10 12:02:11,961 2018 081
2024-09-10 12:04:36,390 2018 089
2024-09-10 12:06:58,511 2018 097
2024-09-10 12:09:16,461 2018 105
2024-09-10 12:11:47,601 2018 113
2024-09-10 12:14:27,729 2018 121
2024-09-10 12:16:36,796 2018 129
2024-09-10 12:18:48,805 2018 137
2024-09-10 12:21:11,919 2018 145
2024-09-10 12:23:39,293 2018 153
2024-09-10 12:26:17,094 2018 161
2024-09-10 12:28:31,988 2018 169
2024-09-10 12:30:14,174 2018 177
2024-09-10 12:32:16,157 2018 185
2024-09-10 12:34:16,106 2018 193
2024-09-10 12:36:01,391 2018 201
2024-09-10 12:38:03,578 2018 209
2024-09-10 12:39:56,300 2018 217
2024-09-10 12:41:36,102 2018 225
2024-09-10 12:43:39,012 2018 233
2024-09-10 12:45:21,260 2018 241
2024-09-10 12:47:21,683 2018 249
2024-09-10 12:49:25,358 2018 257
2024-09-10 12:51:21,083 2018 265
2024-09-10 12:53:24,469 2018 273
2024-09-10 12:55:25,542 2018 281
2024-09-10 12:57:11,977 2018 289
2024-09-10 12:59:23,143 2018 297
2024-09-10 13:01:18,103 2018 305
2024-09-10 13:03:24,199 2018 313
2024-09-10 13:05:28,327 2018 321
2024-09-10 13:07:25,497 2018 329
2024-09-10 13:09:38,430 2018 337
2024-09-10 13:11:41,019 2018 345
2024-09-10 13:13:54,927 2018 353
2024-09-10 13:15:48,347 2018 361
2024-09-10 13:18:00,097 2019 001
2024-09-10 13:20:08,569 2019 009
2024-09-10 13:21:57,678 2019 017
2024-09-10 13:23:55,264 2019 025
2024-09-10 13:26:01,066 2019 033
2024-09-10 13:27:40,442 2019 041
2024-09-10 13:29:36,569 2019 049
2024-09-10 13:31:23,722 2019 057
2024-09-10 13:33:07,732 2019 065
2024-09-10 13:34:44,166 2019 073
2024-09-10 13:36:36,312 2019 081
2024-09-10 13:38:23,373 2019 089
2024-09-10 13:40:04,319 2019 097
2024-09-10 13:41:57,378 2019 105
2024-09-10 13:43:59,675 2019 113
2024-09-10 13:45:58,421 2019 121
2024-09-10 13:47:53,324 2019 129
2024-09-10 13:49:40,863 2019 137
2024-09-10 13:51:30,135 2019 145
2024-09-10 13:53:17,248 2019 153
2024-09-10 13:55:14,376 2019 161
2024-09-10 13:57:08,170 2019 169
2024-09-10 13:59:03,855 2019 177
2024-09-10 14:01:09,257 2019 185
2024-09-10 14:03:02,854 2019 193
2024-09-10 14:04:43,227 2019 201
2024-09-10 14:06:42,327 2019 209
2024-09-10 14:08:34,226 2019 217
2024-09-10 14:10:24,941 2019 225
2024-09-10 14:12:18,149 2019 233
2024-09-10 14:14:09,070 2019 241
2024-09-10 14:16:06,233 2019 249
2024-09-10 14:17:58,248 2019 257
2024-09-10 14:19:45,251 2019 265
2024-09-10 14:21:44,433 2019 273
2024-09-10 14:23:34,396 2019 281
2024-09-10 14:25:40,048 2019 289
2024-09-10 14:27:29,705 2019 297
2024-09-10 14:29:24,366 2019 305
2024-09-10 14:31:12,658 2019 313
2024-09-10 14:33:10,234 2019 321
2024-09-10 14:35:15,752 2019 329
2024-09-10 14:37:06,211 2019 337
2024-09-10 14:38:52,721 2019 345
2024-09-10 14:40:58,014 2019 353
2024-09-10 14:42:54,933 2019 361
2024-09-10 14:44:42,097 2020 001
2024-09-10 14:46:52,942 2020 009
2024-09-10 14:48:39,722 2020 017
2024-09-10 14:50:44,280 2020 025
2024-09-10 14:52:46,835 2020 033
2024-09-10 14:54:43,984 2020 041
2024-09-10 14:56:43,559 2020 049
2024-09-10 14:58:47,292 2020 057
2024-09-10 15:00:50,778 2020 065
2024-09-10 15:02:41,256 2020 073
2024-09-10 15:04:45,617 2020 081
2024-09-10 15:06:39,806 2020 089
2024-09-10 15:08:33,533 2020 097
2024-09-10 15:10:25,772 2020 105
2024-09-10 15:12:30,902 2020 113
2024-09-10 15:14:29,230 2020 121
2024-09-10 15:16:32,717 2020 129
2024-09-10 15:18:10,142 2020 137
2024-09-10 15:20:11,078 2020 145
2024-09-10 15:21:55,980 2020 153
2024-09-10 15:23:38,160 2020 161
2024-09-10 15:25:23,310 2020 169
2024-09-10 15:27:04,783 2020 177
2024-09-10 15:28:43,422 2020 185
2024-09-10 15:30:27,206 2020 193
2024-09-10 15:32:04,711 2020 201
2024-09-10 15:33:54,649 2020 209
2024-09-10 15:35:37,489 2020 217
2024-09-10 15:37:28,962 2020 225
2024-09-10 15:39:11,641 2020 233
2024-09-10 15:40:59,211 2020 241
2024-09-10 15:42:46,062 2020 249
2024-09-10 15:44:31,832 2020 257
2024-09-10 15:46:34,980 2020 265
2024-09-10 15:48:22,495 2020 273
2024-09-10 15:49:59,990 2020 281
2024-09-10 15:51:56,357 2020 289
2024-09-10 15:53:44,268 2020 297
2024-09-10 15:55:30,667 2020 305
2024-09-10 15:57:16,651 2020 313
2024-09-10 15:59:00,359 2020 321
2024-09-10 16:00:55,328 2020 329
2024-09-10 16:02:52,435 2020 337
2024-09-10 16:04:32,948 2020 345
2024-09-10 16:06:24,279 2020 353
2024-09-10 16:08:24,330 2020 361
2024-09-10 16:10:10,403 2021 001
2024-09-10 16:11:59,182 2021 009
2024-09-10 16:13:46,202 2021 017
2024-09-10 16:15:44,695 2021 025
2024-09-10 16:17:29,473 2021 033
2024-09-10 16:19:23,890 2021 041
2024-09-10 16:20:56,789 2021 049
2024-09-10 16:22:38,750 2021 057
2024-09-10 16:24:19,031 2021 065
2024-09-10 16:25:53,295 2021 073
2024-09-10 16:27:29,032 2021 081
2024-09-10 16:29:03,369 2021 089
2024-09-10 16:30:38,279 2021 097
2024-09-10 16:32:15,097 2021 105
2024-09-10 16:34:02,834 2021 113
2024-09-10 16:35:34,902 2021 121
2024-09-10 16:37:11,870 2021 129
2024-09-10 16:38:46,700 2021 137
2024-09-10 16:40:24,470 2021 145
2024-09-10 16:42:04,890 2021 153
2024-09-10 16:43:40,899 2021 161
2024-09-10 16:45:17,685 2021 169
2024-09-10 16:46:43,187 2021 177
2024-09-10 16:48:24,797 2021 185
2024-09-10 16:49:55,892 2021 193
2024-09-10 16:51:32,614 2021 201
2024-09-10 16:53:14,816 2021 209
2024-09-10 16:54:57,928 2021 217
2024-09-10 16:56:37,398 2021 225
2024-09-10 16:58:12,116 2021 233
2024-09-10 16:59:49,392 2021 241
2024-09-10 17:01:25,149 2021 249
2024-09-10 17:03:02,806 2021 257
2024-09-10 17:04:36,913 2021 265
2024-09-10 17:06:16,361 2021 273
2024-09-10 17:07:53,738 2021 281
2024-09-10 17:09:31,380 2021 289
2024-09-10 17:11:04,986 2021 297
2024-09-10 17:12:36,012 2021 305
2024-09-10 17:14:09,504 2021 313
2024-09-10 17:15:44,072 2021 321
2024-09-10 17:17:04,922 2021 329
2024-09-10 17:18:32,170 2021 337
2024-09-10 17:20:07,282 2021 345
2024-09-10 17:21:36,401 2021 353
2024-09-10 17:23:06,988 2021 361
2024-09-10 17:24:42,315 2022 001
2024-09-10 17:26:20,892 2022 009
2024-09-10 17:27:58,384 2022 017
2024-09-10 17:29:26,102 2022 025
2024-09-10 17:30:59,008 2022 033
2024-09-10 17:32:31,701 2022 041
2024-09-10 17:33:55,624 2022 049
2024-09-10 17:35:27,727 2022 057
2024-09-10 17:36:57,744 2022 065
2024-09-10 17:38:29,344 2022 073
2024-09-10 17:40:02,307 2022 081
2024-09-10 17:41:33,968 2022 089
2024-09-10 17:43:07,284 2022 097
2024-09-10 17:44:44,032 2022 105
2024-09-10 17:46:13,599 2022 113
2024-09-10 17:47:45,312 2022 121
2024-09-10 17:49:17,873 2022 129
2024-09-10 17:50:48,475 2022 137
2024-09-10 17:52:19,285 2022 145
2024-09-10 17:53:48,148 2022 153
2024-09-10 17:55:23,101 2022 161
2024-09-10 17:56:50,562 2022 169
2024-09-10 17:58:22,007 2022 177
2024-09-10 17:59:44,016 2022 185
2024-09-10 18:01:16,926 2022 193
2024-09-10 18:02:50,064 2022 201
2024-09-10 18:04:22,161 2022 209
2024-09-10 18:05:52,710 2022 217
2024-09-10 18:07:21,083 2022 225
2024-09-10 18:08:52,397 2022 233
2024-09-10 18:10:22,084 2022 241
2024-09-10 18:11:51,942 2022 249
2024-09-10 18:13:24,560 2022 257
2024-09-10 18:15:02,934 2022 265
2024-09-10 18:16:32,799 2022 273
2024-09-10 18:18:06,316 2022 281
2024-09-10 18:19:42,613 2022 289
2024-09-10 18:21:13,155 2022 297
2024-09-10 18:22:47,700 2022 305
2024-09-10 18:24:19,586 2022 313
2024-09-10 18:25:54,798 2022 321
2024-09-10 18:27:27,212 2022 329
2024-09-10 18:28:55,784 2022 337
2024-09-10 18:30:29,253 2022 345
2024-09-10 18:31:53,175 2022 353
2024-09-10 18:33:20,696 2022 361
2024-09-10 18:34:48,189 2023 001
2024-09-10 18:36:10,046 2023 009
2024-09-10 18:37:39,058 2023 017
2024-09-10 18:39:05,850 2023 025
2024-09-10 18:40:35,690 2023 033
2024-09-10 18:42:03,825 2023 041
2024-09-10 18:43:36,366 2023 049
2024-09-10 18:45:03,375 2023 057
2024-09-10 18:46:28,247 2023 065
2024-09-10 18:47:49,618 2023 073
2024-09-10 18:49:14,061 2023 081
2024-09-10 18:50:39,802 2023 089
2024-09-10 18:52:07,457 2023 097
2024-09-10 18:53:28,541 2023 105
2024-09-10 18:54:49,624 2023 113
2024-09-10 18:56:08,714 2023 121
2024-09-10 18:57:34,673 2023 129
2024-09-10 18:58:51,464 2023 137
2024-09-10 19:00:11,342 2023 145
2024-09-10 19:01:30,736 2023 153
2024-09-10 19:02:44,910 2023 161
2024-09-10 19:03:52,275 2023 169
2024-09-10 19:05:06,238 2023 177
2024-09-10 19:06:14,324 2023 185
2024-09-10 19:07:31,432 2023 193
2024-09-10 19:08:43,452 2023 201
2024-09-10 19:09:59,995 2023 209
2024-09-10 19:11:12,496 2023 217
2024-09-10 19:12:25,681 2023 225
2024-09-10 19:13:39,442 2023 233
2024-09-10 19:14:50,112 2023 241
2024-09-10 19:15:58,914 2023 249
2024-09-10 19:17:13,360 2023 257
2024-09-10 19:18:31,870 2023 265
2024-09-10 19:19:37,466 2023 273
2024-09-10 19:20:45,860 2023 281
2024-09-10 19:21:52,504 2023 289
2024-09-10 19:22:58,967 2023 297
2024-09-10 19:24:03,680 2023 305
2024-09-10 19:25:09,650 2023 313
2024-09-10 19:26:20,534 2023 321
2024-09-10 19:27:26,448 2023 329
2024-09-10 19:28:34,711 2023 337
2024-09-10 19:29:38,873 2023 345
2024-09-10 19:30:45,425 2023 353
2024-09-10 19:31:51,752 2023 361
