2024-01-26 21:27:37,595 2018 009
2024-01-26 21:27:45,956 2018 017
2024-01-26 21:27:52,901 2018 025
2024-01-26 21:27:58,979 2018 033
2024-01-26 21:28:05,140 2018 041
2024-01-26 21:28:11,301 2018 049
2024-01-26 21:28:18,156 2018 057
2024-01-26 21:28:24,222 2018 065
2024-01-26 21:28:30,730 2018 073
2024-01-26 21:28:36,804 2018 081
2024-01-26 21:28:43,110 2018 089
2024-01-26 21:28:49,124 2018 097
2024-01-26 21:28:55,354 2018 105
2024-01-26 21:29:01,406 2018 113
2024-01-26 21:29:07,452 2018 121
2024-01-26 21:29:13,563 2018 129
2024-01-26 21:29:19,845 2018 137
2024-01-26 21:29:25,929 2018 145
2024-01-26 21:29:31,755 2018 153
2024-01-26 21:29:37,633 2018 161
2024-01-26 21:29:44,120 2018 169
2024-01-26 21:29:50,155 2018 177
2024-01-26 21:29:56,441 2018 185
2024-01-26 21:30:02,512 2018 193
2024-01-26 21:30:08,588 2018 201
2024-01-26 21:30:14,619 2018 209
2024-01-26 21:30:20,944 2018 217
2024-01-26 21:30:26,931 2018 225
2024-01-26 21:30:33,202 2018 233
2024-01-26 21:30:39,104 2018 241
2024-01-26 21:30:45,416 2018 249
2024-01-26 21:30:51,386 2018 257
2024-01-26 21:30:57,736 2018 265
2024-01-26 21:31:03,828 2018 273
2024-01-26 21:31:09,930 2018 281
2024-01-26 21:31:15,922 2018 289
2024-01-26 21:31:22,032 2018 297
2024-01-26 21:31:27,973 2018 305
2024-01-26 21:31:34,188 2018 313
2024-01-26 21:31:40,239 2018 321
2024-01-26 21:31:46,588 2018 329
2024-01-26 21:31:52,553 2018 337
2024-01-26 21:31:58,821 2018 345
2024-01-26 21:32:04,755 2018 353
2024-01-26 21:32:10,937 2018 361
2024-01-26 21:32:16,888 2019 001
2024-01-26 21:32:23,104 2019 009
2024-01-26 21:32:29,256 2019 017
2024-01-26 21:32:35,314 2019 025
2024-01-26 21:32:41,386 2019 033
2024-01-26 21:32:47,562 2019 041
2024-01-26 21:32:53,485 2019 049
2024-01-26 21:32:59,657 2019 057
2024-01-26 21:33:05,648 2019 065
2024-01-26 21:33:11,942 2019 073
2024-01-26 21:33:17,870 2019 081
2024-01-26 21:33:24,107 2019 089
2024-01-26 21:33:30,128 2019 097
2024-01-26 21:33:36,261 2019 105
2024-01-26 21:33:42,351 2019 113
2024-01-26 21:33:48,637 2019 121
2024-01-26 21:33:54,711 2019 129
2024-01-26 21:34:01,080 2019 137
2024-01-26 21:34:07,070 2019 145
2024-01-26 21:34:13,344 2019 153
2024-01-26 21:34:19,208 2019 161
2024-01-26 21:34:25,403 2019 169
2024-01-26 21:34:31,449 2019 177
2024-01-26 21:34:37,794 2019 185
2024-01-26 21:34:44,002 2019 193
2024-01-26 21:34:50,044 2019 201
2024-01-26 21:34:56,041 2019 209
2024-01-26 21:35:02,319 2019 217
2024-01-26 21:35:08,345 2019 225
2024-01-26 21:35:14,530 2019 233
2024-01-26 21:35:20,728 2019 241
2024-01-26 21:35:27,232 2019 249
2024-01-26 21:35:33,178 2019 257
2024-01-26 21:35:39,455 2019 265
2024-01-26 21:35:45,487 2019 273
2024-01-26 21:35:51,705 2019 281
2024-01-26 21:35:57,845 2019 289
2024-01-26 21:36:04,181 2019 297
2024-01-26 21:36:10,215 2019 305
2024-01-26 21:36:16,530 2019 313
2024-01-26 21:36:22,452 2019 321
2024-01-26 21:36:28,696 2019 329
2024-01-26 21:36:34,896 2019 337
2024-01-26 21:36:41,600 2019 345
2024-01-26 21:36:47,663 2019 353
2024-01-26 21:36:53,991 2019 361
2024-01-26 21:37:00,049 2020 001
2024-01-26 21:37:06,343 2020 009
2024-01-26 21:37:12,373 2020 017
2024-01-26 21:37:18,451 2020 025
2024-01-26 21:37:24,490 2020 033
2024-01-26 21:37:31,011 2020 041
2024-01-26 21:37:37,096 2020 049
2024-01-26 21:37:43,281 2020 057
2024-01-26 21:37:49,106 2020 065
2024-01-26 21:37:55,392 2020 073
2024-01-26 21:38:01,859 2020 081
2024-01-26 21:38:08,477 2020 089
2024-01-26 21:38:14,916 2020 097
2024-01-26 21:38:21,319 2020 105
2024-01-26 21:38:27,499 2020 113
2024-01-26 21:38:33,662 2020 121
2024-01-26 21:38:39,680 2020 129
2024-01-26 21:38:45,749 2020 137
2024-01-26 21:38:51,922 2020 145
2024-01-26 21:38:58,186 2020 153
2024-01-26 21:39:04,263 2020 161
2024-01-26 21:39:10,510 2020 169
2024-01-26 21:39:16,354 2020 177
2024-01-26 21:39:22,427 2020 185
2024-01-26 21:39:28,392 2020 193
2024-01-26 21:39:34,901 2020 201
2024-01-26 21:39:41,171 2020 209
2024-01-26 21:39:47,411 2020 217
2024-01-26 21:39:53,445 2020 225
2024-01-26 21:39:59,729 2020 233
2024-01-26 21:40:05,842 2020 241
2024-01-26 21:40:12,226 2020 249
2024-01-26 21:40:18,907 2020 257
2024-01-26 21:40:25,481 2020 265
2024-01-26 21:40:31,640 2020 273
2024-01-26 21:40:38,077 2020 281
2024-01-26 21:40:44,034 2020 289
2024-01-26 21:40:50,332 2020 297
2024-01-26 21:40:56,254 2020 305
2024-01-26 21:41:02,663 2020 313
2024-01-26 21:41:08,545 2020 321
2024-01-26 21:41:14,856 2020 329
2024-01-26 21:41:21,424 2020 337
2024-01-26 21:41:27,579 2020 345
2024-01-26 21:41:33,658 2020 353
2024-01-26 21:41:39,722 2020 361
2024-01-26 21:41:45,783 2021 001
2024-01-26 21:41:52,196 2021 009
2024-01-26 21:41:58,225 2021 017
2024-01-26 21:42:04,488 2021 025
2024-01-26 21:42:10,479 2021 033
2024-01-26 21:42:16,811 2021 041
2024-01-26 21:42:22,837 2021 049
2024-01-26 21:42:29,184 2021 057
2024-01-26 21:42:35,260 2021 065
2024-01-26 21:42:41,553 2021 073
2024-01-26 21:42:47,479 2021 081
2024-01-26 21:42:53,853 2021 089
2024-01-26 21:42:59,951 2021 097
2024-01-26 21:43:06,243 2021 105
2024-01-26 21:43:12,390 2021 113
2024-01-26 21:43:18,695 2021 121
2024-01-26 21:43:24,707 2021 129
2024-01-26 21:43:30,990 2021 137
2024-01-26 21:43:36,971 2021 145
2024-01-26 21:43:43,273 2021 153
2024-01-26 21:43:49,284 2021 161
2024-01-26 21:43:55,718 2021 169
2024-01-26 21:44:01,829 2021 177
2024-01-26 21:44:08,105 2021 185
2024-01-26 21:44:14,028 2021 193
2024-01-26 21:44:20,083 2021 201
2024-01-26 21:44:26,404 2021 209
2024-01-26 21:44:33,412 2021 217
2024-01-26 21:44:40,085 2021 225
2024-01-26 21:44:46,115 2021 233
2024-01-26 21:44:52,386 2021 241
2024-01-26 21:44:58,416 2021 249
2024-01-26 21:45:04,535 2021 257
2024-01-26 21:45:10,677 2021 265
2024-01-26 21:45:16,635 2021 273
2024-01-26 21:45:22,615 2021 281
2024-01-26 21:45:28,740 2021 289
2024-01-26 21:45:34,709 2021 297
2024-01-26 21:45:40,920 2021 305
2024-01-26 21:45:47,340 2021 313
2024-01-26 21:45:53,686 2021 321
2024-01-26 21:45:59,715 2021 329
2024-01-26 21:46:05,821 2021 337
2024-01-26 21:46:11,881 2021 345
2024-01-26 21:46:18,095 2021 353
2024-01-26 21:46:24,168 2021 361
2024-01-26 21:46:30,447 2022 001
2024-01-26 21:46:36,264 2022 009
2024-01-26 21:46:42,624 2022 017
2024-01-26 21:46:48,572 2022 025
2024-01-26 21:46:54,934 2022 033
2024-01-26 21:47:00,920 2022 041
2024-01-26 21:47:08,057 2022 049
2024-01-26 21:47:14,419 2022 057
2024-01-26 21:47:20,664 2022 065
2024-01-26 21:47:27,034 2022 073
2024-01-26 21:47:33,294 2022 081
2024-01-26 21:47:39,432 2022 089
2024-01-26 21:47:45,824 2022 097
2024-01-26 21:47:51,817 2022 105
2024-01-26 21:47:57,983 2022 113
2024-01-26 21:48:03,995 2022 121
2024-01-26 21:48:10,190 2022 129
2024-01-26 21:48:16,346 2022 137
2024-01-26 21:48:22,511 2022 145
2024-01-26 21:48:28,414 2022 153
2024-01-26 21:48:34,521 2022 161
2024-01-26 21:48:40,427 2022 169
2024-01-26 21:48:46,690 2022 177
2024-01-26 21:48:52,829 2022 185
2024-01-26 21:48:59,030 2022 193
2024-01-26 21:49:04,898 2022 201
2024-01-26 21:49:11,092 2022 209
2024-01-26 21:49:17,204 2022 217
2024-01-26 21:49:23,503 2022 225
2024-01-26 21:49:29,547 2022 233
2024-01-26 21:49:35,748 2022 241
2024-01-26 21:49:41,813 2022 249
2024-01-26 21:49:48,162 2022 257
2024-01-26 21:49:54,284 2022 265
2024-01-26 21:50:00,569 2022 273
2024-01-26 21:50:06,638 2022 281
2024-01-26 21:50:12,997 2022 289
2024-01-26 21:50:18,971 2022 297
2024-01-26 21:50:25,346 2022 305
2024-01-26 21:50:31,308 2022 313
2024-01-26 21:50:37,632 2022 321
2024-01-26 21:50:43,609 2022 329
2024-01-26 21:50:49,878 2022 337
2024-01-26 21:50:55,859 2022 345
2024-01-26 21:51:02,070 2022 353
2024-01-26 21:51:08,320 2022 361
2024-01-26 21:51:14,484 2023 001
2024-01-26 21:51:20,584 2023 009
2024-01-26 21:51:26,770 2023 017
2024-01-26 21:51:32,868 2023 025
2024-01-26 21:51:39,158 2023 033
2024-01-26 21:51:45,178 2023 041
2024-01-26 21:51:51,506 2023 049
2024-01-26 21:51:57,559 2023 057
2024-01-26 21:52:03,725 2023 065
2024-01-26 21:52:09,783 2023 073
2024-01-26 21:52:16,063 2023 081
2024-01-26 21:52:22,202 2023 089
2024-01-26 21:52:28,595 2023 097
2024-01-26 21:52:34,618 2023 105
2024-01-26 21:52:40,876 2023 113
2024-01-26 21:52:46,920 2023 121
2024-01-26 21:52:53,261 2023 129
2024-01-26 21:52:59,596 2023 137
2024-01-26 21:53:06,084 2023 145
2024-01-26 21:53:12,073 2023 153
2024-01-26 21:53:18,355 2023 161
2024-01-26 21:53:24,542 2023 169
2024-01-26 21:53:30,770 2023 177
2024-01-26 21:53:36,792 2023 185
2024-01-26 21:53:43,127 2023 193
2024-01-26 21:53:49,084 2023 201
2024-01-26 21:53:55,324 2023 209
2024-01-26 21:54:01,387 2023 217
2024-01-26 21:54:07,675 2023 225
2024-01-26 21:54:13,775 2023 233
2024-01-26 21:54:20,031 2023 241
2024-01-26 21:54:26,053 2023 249
2024-01-26 21:54:32,896 2023 257
2024-01-26 21:54:38,919 2023 265
2024-01-26 21:54:45,144 2023 273
2024-01-26 21:54:51,217 2023 281
2024-01-26 21:54:57,628 2023 289
2024-01-26 21:55:03,424 2023 297
2024-01-26 21:55:09,666 2023 305
2024-01-26 21:55:15,648 2023 313
2024-01-26 21:55:21,910 2023 321
2024-01-26 21:55:27,953 2023 329
2024-01-26 21:55:34,055 2023 337
2024-01-26 21:55:39,883 2023 345
2024-01-26 21:55:46,203 2023 353
2024-01-26 21:55:52,189 2023 361
